SF:lib/app/sign_in/validators.dart
DA:7,1
DA:10,2
LF:2
LH:2
end_of_record
SF:lib/app/home/job_entries/format.dart
DA:7,1
DA:8,1
DA:9,1
DA:10,1
DA:11,1
DA:14,1
DA:15,2
DA:18,1
DA:19,2
DA:22,1
DA:23,1
DA:24,1
DA:25,1
LF:13
LH:13
end_of_record
SF:lib/app/home/models/job.dart
DA:6,1
DA:11,1
DA:14,1
DA:17,1
DA:18,1
DA:25,1
DA:26,1
DA:27,1
DA:28,1
DA:32,0
DA:33,0
DA:35,1
DA:38,3
DA:40,3
DA:41,3
DA:42,3
DA:45,0
DA:46,0
LF:18
LH:14
end_of_record
SF:lib/common_widgets/custom_raised_button.dart
DA:4,1
DA:10,0
DA:17,1
DA:19,1
DA:20,1
DA:21,1
DA:22,1
DA:23,1
DA:24,1
DA:25,1
DA:26,1
DA:27,1
DA:28,2
DA:31,1
LF:14
LH:13
end_of_record
